{"/workspaces/testingWithJest/src/app/server_app/auth/Authorizer.ts": {"path":"/workspaces/testingWithJest/src/app/server_app/auth/Authorizer.ts","statementMap":{"0":{"start":{"line":1,"column":0},"end":{"line":1,"column":72}},"1":{"start":{"line":2,"column":0},"end":{"line":2,"column":78}},"2":{"start":{"line":9,"column":12},"end":{"line":9,"column":66}},"3":{"start":{"line":10,"column":12},"end":{"line":10,"column":72}},"4":{"start":{"line":13,"column":29},"end":{"line":13,"column":84}},"5":{"start":{"line":14,"column":8},"end":{"line":14,"column":28}},"6":{"start":{"line":18,"column":23},"end":{"line":22,"column":10}},"7":{"start":{"line":23,"column":8},"end":{"line":23,"column":22}},"8":{"start":{"line":27,"column":21},"end":{"line":27,"column":85}},"9":{"start":{"line":28,"column":8},"end":{"line":31,"column":9}},"10":{"start":{"line":29,"column":28},"end":{"line":29,"column":81}},"11":{"start":{"line":30,"column":12},"end":{"line":30,"column":27}},"12":{"start":{"line":35,"column":8},"end":{"line":35,"column":67}},"13":{"start":{"line":7,"column":0},"end":{"line":7,"column":13}}},"fnMap":{"0":{"name":"(anonymous_7)","decl":{"start":{"line":7,"column":0},"end":{"line":7,"column":13}},"loc":{"start":{"line":7,"column":0},"end":{"line":37,"column":1}}},"1":{"name":"(anonymous_8)","decl":{"start":{"line":12,"column":17},"end":{"line":12,"column":30}},"loc":{"start":{"line":12,"column":46},"end":{"line":15,"column":null}}},"2":{"name":"(anonymous_10)","decl":{"start":{"line":17,"column":17},"end":{"line":17,"column":29}},"loc":{"start":{"line":17,"column":64},"end":{"line":24,"column":null}}},"3":{"name":"(anonymous_12)","decl":{"start":{"line":26,"column":17},"end":{"line":26,"column":22}},"loc":{"start":{"line":26,"column":57},"end":{"line":32,"column":null}}},"4":{"name":"(anonymous_14)","decl":{"start":{"line":34,"column":17},"end":{"line":34,"column":23}},"loc":{"start":{"line":34,"column":39},"end":{"line":36,"column":null}}}},"branchMap":{"0":{"loc":{"start":{"line":28,"column":8},"end":{"line":31,"column":9}},"type":"if","locations":[{"start":{"line":28,"column":8},"end":{"line":31,"column":9}}]},"1":{"loc":{"start":{"line":28,"column":12},"end":{"line":28,"column":46}},"type":"binary-expr","locations":[{"start":{"line":28,"column":12},"end":{"line":28,"column":16}},{"start":{"line":28,"column":20},"end":{"line":28,"column":46}}]}},"s":{"0":1,"1":1,"2":5,"3":5,"4":1,"5":1,"6":1,"7":1,"8":2,"9":2,"10":1,"11":1,"12":1,"13":1},"f":{"0":5,"1":1,"2":1,"3":2,"4":1},"b":{"0":[1],"1":[2,2]}}
}
