TN:
SF:src/app/server_app/auth/Authorizer.ts
FN:7,(anonymous_7)
FN:12,(anonymous_8)
FN:17,(anonymous_10)
FN:26,(anonymous_12)
FN:34,(anonymous_14)
FNF:5
FNH:2
FNDA:1,(anonymous_7)
FNDA:0,(anonymous_8)
FNDA:2,(anonymous_10)
FNDA:0,(anonymous_12)
FNDA:0,(anonymous_14)
DA:1,1
DA:2,1
DA:7,1
DA:9,1
DA:10,1
DA:13,0
DA:14,0
DA:18,2
DA:23,2
DA:27,0
DA:28,0
DA:29,0
DA:30,0
DA:35,0
LF:14
LH:7
BRDA:28,0,0,0
BRDA:28,1,0,0
BRDA:28,1,1,0
BRF:3
BRH:0
end_of_record
TN:
SF:src/app/server_app/data/DataBase.ts
FN:7,(anonymous_7)
FN:11,(anonymous_8)
FN:17,(anonymous_10)
FN:18,(anonymous_12)
FN:21,(anonymous_13)
FN:22,(anonymous_15)
FN:25,(anonymous_16)
FN:26,(anonymous_18)
FN:30,(anonymous_19)
FN:31,(anonymous_21)
FN:35,(anonymous_22)
FNF:11
FNH:2
FNDA:3,(anonymous_7)
FNDA:2,(anonymous_8)
FNDA:0,(anonymous_10)
FNDA:0,(anonymous_12)
FNDA:0,(anonymous_13)
FNDA:0,(anonymous_15)
FNDA:0,(anonymous_16)
FNDA:0,(anonymous_18)
FNDA:0,(anonymous_19)
FNDA:0,(anonymous_21)
FNDA:0,(anonymous_22)
DA:1,1
DA:7,1
DA:9,3
DA:12,2
DA:13,2
DA:14,2
DA:18,0
DA:22,0
DA:26,0
DA:27,0
DA:31,0
DA:32,0
DA:36,0
LF:13
LH:6
BRF:0
BRH:0
end_of_record
TN:
SF:src/app/server_app/data/IdGenerator.ts
FN:3,generateRandomId
FNF:1
FNH:1
FNDA:2,generateRandomId
DA:1,1
DA:3,1
DA:4,2
DA:5,2
LF:4
LH:4
BRF:0
BRH:0
end_of_record
TN:
SF:src/app/server_app/data/ReservationsDataAccess.ts
FN:4,(anonymous_7)
FN:8,(anonymous_8)
FN:13,(anonymous_10)
FN:21,(anonymous_12)
FN:25,(anonymous_14)
FN:30,(anonymous_16)
FNF:6
FNH:1
FNDA:1,(anonymous_7)
FNDA:0,(anonymous_8)
FNDA:0,(anonymous_10)
FNDA:0,(anonymous_12)
FNDA:0,(anonymous_14)
FNDA:0,(anonymous_16)
DA:2,1
DA:4,1
DA:6,1
DA:9,0
DA:10,0
DA:14,0
DA:22,0
DA:26,0
DA:27,0
DA:31,0
DA:32,0
LF:11
LH:3
BRF:0
BRH:0
end_of_record
TN:
SF:src/app/server_app/data/SessionTokenDataAccess.ts
FN:6,(anonymous_7)
FN:10,(anonymous_8)
FN:21,(anonymous_10)
FN:25,(anonymous_12)
FN:37,(anonymous_14)
FNF:5
FNH:1
FNDA:1,(anonymous_7)
FNDA:0,(anonymous_8)
FNDA:0,(anonymous_10)
FNDA:0,(anonymous_12)
FNDA:0,(anonymous_14)
DA:2,1
DA:6,1
DA:8,1
DA:11,0
DA:17,0
DA:18,0
DA:22,0
DA:26,0
DA:27,0
DA:31,0
DA:32,0
DA:34,0
DA:38,0
LF:13
LH:3
BRDA:31,0,0,0
BRF:1
BRH:0
end_of_record
TN:
SF:src/app/server_app/data/UserCredentialsDataAccess.ts
FN:5,(anonymous_7)
FN:9,(anonymous_8)
FN:14,(anonymous_10)
FN:19,(anonymous_12)
FNF:4
FNH:2
FNDA:1,(anonymous_7)
FNDA:2,(anonymous_8)
FNDA:0,(anonymous_10)
FNDA:0,(anonymous_12)
DA:2,1
DA:5,1
DA:7,1
DA:10,2
DA:11,2
DA:15,0
DA:16,0
DA:20,0
DA:21,0
LF:9
LH:5
BRF:0
BRH:0
end_of_record
TN:
SF:src/app/server_app/handlers/LoginHandler.ts
FN:16,(anonymous_7)
FN:22,(anonymous_8)
FN:32,(anonymous_10)
FNF:3
FNH:0
FNDA:0,(anonymous_7)
FNDA:0,(anonymous_8)
FNDA:0,(anonymous_10)
DA:4,1
DA:5,1
DA:10,1
DA:17,0
DA:18,0
DA:19,0
DA:23,0
DA:25,0
DA:26,0
DA:28,0
DA:33,0
DA:34,0
DA:35,0
DA:39,0
DA:40,0
DA:41,0
DA:42,0
DA:44,0
DA:45,0
DA:47,0
DA:49,0
DA:50,0
DA:51,0
LF:23
LH:3
BRDA:23,0,0,0
BRDA:23,0,1,0
BRDA:34,1,0,0
BRDA:34,2,0,0
BRDA:34,2,1,0
BRDA:39,3,0,0
BRDA:39,3,1,0
BRF:7
BRH:0
end_of_record
TN:
SF:src/app/server_app/handlers/RegisterHandler.ts
FN:14,(anonymous_7)
FN:20,(anonymous_8)
FN:31,(anonymous_10)
FNF:3
FNH:3
FNDA:2,(anonymous_7)
FNDA:2,(anonymous_8)
FNDA:2,(anonymous_10)
DA:4,1
DA:5,1
DA:8,1
DA:15,2
DA:16,2
DA:17,2
DA:21,2
DA:23,2
DA:24,2
DA:26,0
DA:32,2
DA:33,2
DA:34,2
DA:35,2
DA:36,2
DA:37,2
DA:40,2
DA:42,0
DA:43,0
DA:44,0
LF:20
LH:16
BRDA:21,0,0,2
BRDA:21,0,1,0
BRDA:33,1,0,2
BRDA:33,2,0,2
BRDA:33,2,1,2
BRF:5
BRH:4
end_of_record
TN:
SF:src/app/server_app/handlers/ReservationsHandler.ts
FN:17,(anonymous_7)
FN:27,(anonymous_8)
FN:57,(anonymous_10)
FN:66,(anonymous_12)
FN:80,(anonymous_14)
FN:104,(anonymous_16)
FN:139,(anonymous_18)
FN:154,(anonymous_20)
FN:161,(anonymous_21)
FN:185,(anonymous_22)
FNF:10
FNH:0
FNDA:0,(anonymous_7)
FNDA:0,(anonymous_8)
FNDA:0,(anonymous_10)
FNDA:0,(anonymous_12)
FNDA:0,(anonymous_14)
FNDA:0,(anonymous_16)
FNDA:0,(anonymous_18)
FNDA:0,(anonymous_20)
FNDA:0,(anonymous_21)
FNDA:0,(anonymous_22)
DA:5,1
DA:6,1
DA:10,1
DA:21,0
DA:22,0
DA:23,0
DA:24,0
DA:28,0
DA:29,0
DA:30,0
DA:31,0
DA:32,0
DA:35,0
DA:36,0
DA:38,0
DA:39,0
DA:41,0
DA:42,0
DA:44,0
DA:45,0
DA:47,0
DA:48,0
DA:50,0
DA:58,0
DA:59,0
DA:60,0
DA:61,0
DA:63,0
DA:67,0
DA:68,0
DA:69,0
DA:70,0
DA:71,0
DA:74,0
DA:75,0
DA:76,0
DA:77,0
DA:81,0
DA:82,0
DA:83,0
DA:84,0
DA:85,0
DA:86,0
DA:88,0
DA:89,0
DA:90,0
DA:91,0
DA:92,0
DA:94,0
DA:95,0
DA:98,0
DA:99,0
DA:105,0
DA:106,0
DA:107,0
DA:108,0
DA:109,0
DA:110,0
DA:111,0
DA:112,0
DA:113,0
DA:119,0
DA:120,0
DA:122,0
DA:123,0
DA:128,0
DA:129,0
DA:132,0
DA:133,0
DA:140,0
DA:141,0
DA:142,0
DA:143,0
DA:144,0
DA:147,0
DA:148,0
DA:155,0
DA:156,0
DA:157,0
DA:162,0
DA:163,0
DA:165,0
DA:172,0
DA:173,0
DA:174,0
DA:175,0
DA:176,0
DA:177,0
DA:179,0
DA:182,0
DA:186,0
DA:187,0
DA:189,0
DA:196,0
DA:197,0
DA:198,0
DA:199,0
DA:200,0
DA:203,0
LF:99
LH:3
BRDA:29,0,0,0
BRDA:36,1,0,0
BRDA:36,1,1,0
BRDA:36,1,2,0
BRDA:36,1,3,0
BRDA:36,1,4,0
BRDA:59,2,0,0
BRDA:68,3,0,0
BRDA:82,4,0,0
BRDA:88,5,0,0
BRDA:88,5,1,0
BRDA:90,6,0,0
BRDA:90,6,1,0
BRDA:106,7,0,0
BRDA:106,7,1,0
BRDA:108,8,0,0
BRDA:108,8,1,0
BRDA:110,9,0,0
BRDA:110,9,1,0
BRDA:141,10,0,0
BRDA:141,10,1,0
BRDA:156,11,0,0
BRDA:162,12,0,0
BRDA:176,13,0,0
BRDA:176,13,1,0
BRDA:182,14,0,0
BRDA:182,14,1,0
BRDA:186,15,0,0
BRDA:199,16,0,0
BRF:29
BRH:0
end_of_record
TN:
SF:src/app/server_app/model/ServerModel.ts
FN:1,(anonymous_0)
FN:10,(anonymous_1)
FNF:2
FNH:2
FNDA:1,(anonymous_0)
FNDA:1,(anonymous_1)
DA:1,1
DA:2,1
DA:3,1
DA:4,1
DA:5,1
DA:6,1
DA:7,1
DA:10,1
DA:11,1
DA:12,1
DA:13,1
DA:14,1
DA:15,1
LF:13
LH:13
BRDA:1,0,0,1
BRDA:1,0,1,1
BRDA:10,1,0,1
BRDA:10,1,1,1
BRF:4
BRH:4
end_of_record
TN:
SF:src/app/server_app/server/Server.ts
FN:9,(anonymous_7)
FN:15,(anonymous_8)
FN:16,(anonymous_10)
FN:16,(anonymous_11)
FN:26,(anonymous_12)
FN:51,(anonymous_14)
FN:58,(anonymous_15)
FN:61,(anonymous_17)
FN:62,(anonymous_18)
FNF:9
FNH:8
FNDA:1,(anonymous_7)
FNDA:1,(anonymous_8)
FNDA:2,(anonymous_10)
FNDA:2,(anonymous_11)
FNDA:2,(anonymous_12)
FNDA:2,(anonymous_14)
FNDA:1,(anonymous_15)
FNDA:1,(anonymous_17)
FNDA:0,(anonymous_18)
DA:1,1
DA:2,1
DA:3,1
DA:4,1
DA:5,1
DA:6,1
DA:7,1
DA:9,1
DA:12,1
DA:13,1
DA:16,2
DA:19,2
DA:20,2
DA:22,1
DA:23,1
DA:27,2
DA:28,2
DA:29,2
DA:31,2
DA:32,2
DA:34,0
DA:35,0
DA:37,0
DA:38,0
DA:39,0
DA:41,0
DA:44,0
DA:45,0
DA:47,0
DA:52,2
DA:53,2
DA:54,2
DA:59,1
DA:60,1
DA:61,1
DA:62,1
DA:63,0
DA:64,0
DA:67,0
LF:39
LH:27
BRDA:29,0,0,2
BRDA:29,0,1,0
BRDA:29,0,2,0
BRDA:29,0,3,0
BRDA:44,1,0,0
BRDA:53,2,0,2
BRDA:59,3,0,1
BRDA:63,4,0,0
BRDA:63,4,1,0
BRF:9
BRH:3
end_of_record
TN:
SF:src/app/server_app/utils/Utils.ts
FN:4,getRequestBody
FN:5,(anonymous_9)
FN:7,(anonymous_10)
FN:10,(anonymous_11)
FN:17,(anonymous_12)
FNF:5
FNH:4
FNDA:2,getRequestBody
FNDA:2,(anonymous_9)
FNDA:2,(anonymous_10)
FNDA:2,(anonymous_11)
FNDA:0,(anonymous_12)
DA:4,1
DA:5,2
DA:6,2
DA:7,2
DA:8,2
DA:10,2
DA:11,2
DA:12,2
DA:14,0
DA:17,2
DA:18,0
LF:11
LH:9
BRF:0
BRH:0
end_of_record
